<?xml version="1.0" encoding="UTF-8"?>
<testng-results ignored="0" total="1" passed="1" failed="0" skipped="0">
  <reporter-output>
  </reporter-output>
  <suite started-at="2024-12-31T18:40:34 IST" name="Default suite" finished-at="2024-12-31T18:40:41 IST" duration-ms="7314">
    <groups>
    </groups>
    <test started-at="2024-12-31T18:40:34 IST" name="Default test" finished-at="2024-12-31T18:40:41 IST" duration-ms="7314">
      <class name="automationtasks.testCases.base">
        <test-method signature="task5()[pri:0, instance:automationtasks.testCases.base@72ccd81a]" started-at="2024-12-31T18:40:34 IST" name="task5" finished-at="2024-12-31T18:40:41 IST" duration-ms="7259" status="PASS">
          <reporter-output>
          </reporter-output>
        </test-method> <!-- task5 -->
      </class> <!-- automationtasks.testCases.base -->
    </test> <!-- Default test -->
  </suite> <!-- Default suite -->
</testng-results>
