<?xml version="1.0" encoding="UTF-8"?>
<testng-results ignored="0" total="2" passed="2" failed="0" skipped="0">
  <reporter-output>
  </reporter-output>
  <suite started-at="2024-12-29T20:10:39 IST" name="Default suite" finished-at="2024-12-29T20:10:47 IST" duration-ms="8075">
    <groups>
    </groups>
    <test started-at="2024-12-29T20:10:39 IST" name="Default test" finished-at="2024-12-29T20:10:47 IST" duration-ms="8075">
      <class name="automationtasks.testCases.base">
        <test-method signature="task1()[pri:0, instance:automationtasks.testCases.base@593e824f]" started-at="2024-12-29T20:10:39 IST" name="task1" finished-at="2024-12-29T20:10:43 IST" duration-ms="3674" status="PASS">
          <reporter-output>
          </reporter-output>
        </test-method> <!-- task1 -->
        <test-method signature="task2()[pri:0, instance:automationtasks.testCases.base@593e824f]" started-at="2024-12-29T20:10:43 IST" name="task2" finished-at="2024-12-29T20:10:47 IST" duration-ms="4350" status="PASS">
          <reporter-output>
          </reporter-output>
        </test-method> <!-- task2 -->
      </class> <!-- automationtasks.testCases.base -->
    </test> <!-- Default test -->
  </suite> <!-- Default suite -->
</testng-results>
